── Attaching packages ─────────────────────────────────────── tidyverse 1.3.0 ──
✔ ggplot2 3.3.3     ✔ dplyr   1.0.6
✔ tibble  3.1.2     ✔ stringr 1.4.0
✔ tidyr   1.1.3     ✔ forcats 0.5.1
✔ purrr   0.3.4     
── Conflicts ────────────────────────────────────────── tidyverse_conflicts() ──
✖ tidyr::expand() masks drake::expand()
✖ dplyr::filter() masks stats::filter()
✖ tidyr::gather() masks drake::gather()
✖ dplyr::lag()    masks stats::lag()
Warning messages:
1: package ‘tibble’ was built under R version 4.0.5 
2: package ‘tidyr’ was built under R version 4.0.5 
3: package ‘dplyr’ was built under R version 4.0.5 
Warning message:
package ‘hakear’ was built under R version 4.0.5 

── Column specification ────────────────────────────────────────────────────────
cols(
  nfacet = col_double(),
  nx = col_double()
)

Warning message:
The `x` argument of `as_tibble.matrix()` must have unique column names if `.name_repair` is omitted as of tibble 2.0.0.
Using compatibility `.name_repair`.
This warning is displayed once every 8 hours.
Call `lifecycle::last_warnings()` to see where this warning was generated. 
